u:\realtime graphics\ica 2\build\bin\x64\debug\defermysponza.pdb
u:\realtime graphics\ica 2\build\bin\x64\debug\defermysponza.idb
u:\realtime graphics\ica 2\defermysponza\build\x64\debug\main.obj
u:\realtime graphics\ica 2\defermysponza\build\x64\debug\mycontroller.obj
u:\realtime graphics\ica 2\defermysponza\build\x64\debug\myview.obj
u:\realtime graphics\ica 2 - copy (2)\build\bin\x64\debug\defermysponza.pdb
u:\realtime graphics\ica 2 - copy (2)\build\bin\x64\debug\defermysponza.idb
u:\realtime graphics\ica 2 - copy (2)\defermysponza\build\x64\debug\main.obj
u:\realtime graphics\ica 2 - copy (2)\defermysponza\build\x64\debug\mycontroller.obj
u:\realtime graphics\ica 2 - copy (2)\defermysponza\build\x64\debug\myview.obj
u:\realtime graphics\ica 2 - copy (2) - copy\build\bin\x64\debug\defermysponza.pdb
u:\realtime graphics\ica 2 - copy (2) - copy\build\bin\x64\debug\defermysponza.idb
u:\realtime graphics\ica 2 - copy (2) - copy\defermysponza\build\x64\debug\main.obj
u:\realtime graphics\ica 2 - copy (2) - copy\defermysponza\build\x64\debug\mycontroller.obj
u:\realtime graphics\ica 2 - copy (2) - copy\defermysponza\build\x64\debug\myview.obj
u:\realtime graphics\ica 2\build\bin\x64\debug\defermysponza.ilk
u:\realtime graphics\ica 2\build\bin\x64\debug\defermysponza.exe
u:\realtime graphics\ica 2 - copy (2)\build\bin\x64\debug\defermysponza.ilk
u:\realtime graphics\ica 2 - copy (2)\build\bin\x64\debug\defermysponza.exe
u:\realtime graphics\ica 2 - copy (2) - copy\build\bin\x64\debug\defermysponza.ilk
u:\realtime graphics\ica 2 - copy (2) - copy\build\bin\x64\debug\defermysponza.exe
u:\realtime graphics\ica 2 - copy (2) - copy\defermysponza\build\x64\debug\defermysponza.tlog\cl.read.1.tlog
u:\realtime graphics\ica 2 - copy (2) - copy\defermysponza\build\x64\debug\defermysponza.tlog\cl.write.1.tlog
u:\realtime graphics\ica 2 - copy (2) - copy\defermysponza\build\x64\debug\defermysponza.tlog\cl.command.1.tlog
u:\realtime graphics\ica 2 - copy (2) - copy\defermysponza\build\x64\debug\defermysponza.tlog\link.read.1.tlog
u:\realtime graphics\ica 2 - copy (2) - copy\defermysponza\build\x64\debug\defermysponza.tlog\link.write.1.tlog
u:\realtime graphics\ica 2 - copy (2) - copy\defermysponza\build\x64\debug\defermysponza.tlog\link.command.1.tlog
